{"meta": {"format": 3, "version": "7.14.0", "timestamp": "2026-08-03T11:11:55.546681", "branch_coverage": false, "show_contexts": false}, "files": {"conftest.py": {"executed_lines": [1, 2, 3, 4, 5, 6, 8, 9, 12, 13, 21, 22, 23, 24, 26, 27, 28, 29, 30, 31, 32, 41, 42, 43, 44, 47, 48, 50, 53, 54, 56], "summary": {"covered_lines": 31, "num_statements": 37, "percent_covered": 83.78378378378379, "percent_covered_display": "84", "missing_lines": 6, "excluded_lines": 0, "percent_statements_covered": 83.78378378378379, "percent_statements_covered_display": "84"}, "missing_lines": [33, 34, 35, 36, 37, 39], "excluded_lines": [], "functions": {"pytest_addoption": {"executed_lines": [13], "summary": {"covered_lines": 1, "num_statements": 1, "percent_covered": 100.0, "percent_covered_display": "100", "missing_lines": 0, "excluded_lines": 0, "percent_statements_covered": 100.0, "percent_statements_covered_display": "100"}, "missing_lines": [], "excluded_lines": [], "start_line": 12}, "driver": {"executed_lines": [23, 24, 26, 27, 28, 29, 30, 31, 32, 41, 42, 43, 44], "summary": {"covered_lines": 13, "num_statements": 19, "percent_covered": 68.42105263157895, "percent_covered_display": "68", "missing_lines": 6, "excluded_lines": 0, "percent_statements_covered": 68.42105263157895, "percent_statements_covered_display": "68"}, "missing_lines": [33, 34, 35, 36, 37, 39], "excluded_lines": [], "start_line": 22}, "base_url": {"executed_lines": [50], "summary": {"covered_lines": 1, "num_statements": 1, "percent_covered": 100.0, "percent_covered_display": "100", "missing_lines": 0, "excluded_lines": 0, "percent_statements_covered": 100.0, "percent_statements_covered_display": "100"}, "missing_lines": [], "excluded_lines": [], "start_line": 48}, "test_user_credentials": {"executed_lines": [56], "summary": {"covered_lines": 1, "num_statements": 1, "percent_covered": 100.0, "percent_covered_display": "100", "missing_lines": 0, "excluded_lines": 0, "percent_statements_covered": 100.0, "percent_statements_covered_display": "100"}, "missing_lines": [], "excluded_lines": [], "start_line": 54}, "": {"executed_lines": [1, 2, 3, 4, 5, 6, 8, 9, 12, 21, 22, 47, 48, 53, 54], "summary": {"covered_lines": 15, "num_statements": 15, "percent_covered": 100.0, "percent_covered_display": "100", "missing_lines": 0, "excluded_lines": 0, "percent_statements_covered": 100.0, "percent_statements_covered_display": "100"}, "missing_lines": [], "excluded_lines": [], "start_line": 1}}, "classes": {"": {"executed_lines": [1, 2, 3, 4, 5, 6, 8, 9, 12, 13, 21, 22, 23, 24, 26, 27, 28, 29, 30, 31, 32, 41, 42, 43, 44, 47, 48, 50, 53, 54, 56], "summary": {"covered_lines": 31, "num_statements": 37, "percent_covered": 83.78378378378379, "percent_covered_display": "84", "missing_lines": 6, "excluded_lines": 0, "percent_statements_covered": 83.78378378378379, "percent_statements_covered_display": "84"}, "missing_lines": [33, 34, 35, 36, 37, 39], "excluded_lines": [], "start_line": 1}}}, "generators.py": {"executed_lines": [1, 2, 3, 5, 8, 10, 11, 12, 13, 14, 17, 19, 20, 21, 24, 26, 27, 28], "summary": {"covered_lines": 18, "num_statements": 18, "percent_covered": 100.0, "percent_covered_display": "100", "missing_lines": 0, "excluded_lines": 0, "percent_statements_covered": 100.0, "percent_statements_covered_display": "100"}, "missing_lines": [], "excluded_lines": [], "functions": {"generate_email": {"executed_lines": [10, 11, 12, 13, 14], "summary": {"covered_lines": 5, "num_statements": 5, "percent_covered": 100.0, "percent_covered_display": "100", "missing_lines": 0, "excluded_lines": 0, "percent_statements_covered": 100.0, "percent_statements_covered_display": "100"}, "missing_lines": [], "excluded_lines": [], "start_line": 8}, "generate_password": {"executed_lines": [19, 20, 21], "summary": {"covered_lines": 3, "num_statements": 3, "percent_covered": 100.0, "percent_covered_display": "100", "missing_lines": 0, "excluded_lines": 0, "percent_statements_covered": 100.0, "percent_statements_covered_display": "100"}, "missing_lines": [], "excluded_lines": [], "start_line": 17}, "generate_name": {"executed_lines": [26, 27, 28], "summary": {"covered_lines": 3, "num_statements": 3, "percent_covered": 100.0, "percent_covered_display": "100", "missing_lines": 0, "excluded_lines": 0, "percent_statements_covered": 100.0, "percent_statements_covered_display": "100"}, "missing_lines": [], "excluded_lines": [], "start_line": 24}, "": {"executed_lines": [1, 2, 3, 5, 8, 17, 24], "summary": {"covered_lines": 7, "num_statements": 7, "percent_covered": 100.0, "percent_covered_display": "100", "missing_lines": 0, "excluded_lines": 0, "percent_statements_covered": 100.0, "percent_statements_covered_display": "100"}, "missing_lines": [], "excluded_lines": [], "start_line": 1}}, "classes": {"": {"executed_lines": [1, 2, 3, 5, 8, 10, 11, 12, 13, 14, 17, 19, 20, 21, 24, 26, 27, 28], "summary": {"covered_lines": 18, "num_statements": 18, "percent_covered": 100.0, "percent_covered_display": "100", "missing_lines": 0, "excluded_lines": 0, "percent_statements_covered": 100.0, "percent_statements_covered_display": "100"}, "missing_lines": [], "excluded_lines": [], "start_line": 1}}}, "pages\\__init__.py": {"executed_lines": [], "summary": {"covered_lines": 0, "num_statements": 0, "percent_covered": 100.0, "percent_covered_display": "100", "missing_lines": 0, "excluded_lines": 0, "percent_statements_covered": 100.0, "percent_statements_covered_display": "100"}, "missing_lines": [], "excluded_lines": [], "functions": {"": {"executed_lines": [], "summary": {"covered_lines": 0, "num_statements": 0, "percent_covered": 100.0, "percent_covered_display": "100", "missing_lines": 0, "excluded_lines": 0, "percent_statements_covered": 100.0, "percent_statements_covered_display": "100"}, "missing_lines": [], "excluded_lines": [], "start_line": 1}}, "classes": {"": {"executed_lines": [], "summary": {"covered_lines": 0, "num_statements": 0, "percent_covered": 100.0, "percent_covered_display": "100", "missing_lines": 0, "excluded_lines": 0, "percent_statements_covered": 100.0, "percent_statements_covered_display": "100"}, "missing_lines": [], "excluded_lines": [], "start_line": 1}}}, "pages\\base_page.py": {"executed_lines": [1, 2, 3, 4, 5, 7, 10, 11, 12, 13, 14, 15, 17, 19, 20, 21, 22, 23, 25, 27, 28, 29, 34, 40, 42, 43, 44, 45, 47, 49, 50, 51, 52, 53, 54, 56, 58, 59, 60, 61, 62, 64, 66, 67, 68, 72, 74, 75, 76, 77, 79, 83, 85, 86, 88, 90], "summary": {"covered_lines": 56, "num_statements": 65, "percent_covered": 86.15384615384616, "percent_covered_display": "86", "missing_lines": 9, "excluded_lines": 0, "percent_statements_covered": 86.15384615384616, "percent_statements_covered_display": "86"}, "missing_lines": [30, 31, 32, 36, 37, 38, 69, 70, 81], "excluded_lines": [], "functions": {"BasePage.__init__": {"executed_lines": [12, 13, 14, 15], "summary": {"covered_lines": 4, "num_statements": 4, "percent_covered": 100.0, "percent_covered_display": "100", "missing_lines": 0, "excluded_lines": 0, "percent_statements_covered": 100.0, "percent_statements_covered_display": "100"}, "missing_lines": [], "excluded_lines": [], "start_line": 11}, "BasePage.find_element": {"executed_lines": [19, 20, 21, 22, 23], "summary": {"covered_lines": 5, "num_statements": 5, "percent_covered": 100.0, "percent_covered_display": "100", "missing_lines": 0, "excluded_lines": 0, "percent_statements_covered": 100.0, "percent_statements_covered_display": "100"}, "missing_lines": [], "excluded_lines": [], "start_line": 17}, "BasePage.find_elements": {"executed_lines": [27, 28, 29], "summary": {"covered_lines": 3, "num_statements": 6, "percent_covered": 50.0, "percent_covered_display": "50", "missing_lines": 3, "excluded_lines": 0, "percent_statements_covered": 50.0, "percent_statements_covered_display": "50"}, "missing_lines": [30, 31, 32], "excluded_lines": [], "start_line": 25}, "BasePage.click_element": {"executed_lines": [], "summary": {"covered_lines": 0, "num_statements": 3, "percent_covered": 0.0, "percent_covered_display": "0", "missing_lines": 3, "excluded_lines": 0, "percent_statements_covered": 0.0, "percent_statements_covered_display": "0"}, "missing_lines": [36, 37, 38], "excluded_lines": [], "start_line": 34}, "BasePage.click_element_by_js": {"executed_lines": [42, 43, 44, 45], "summary": {"covered_lines": 4, "num_statements": 4, "percent_covered": 100.0, "percent_covered_display": "100", "missing_lines": 0, "excluded_lines": 0, "percent_statements_covered": 100.0, "percent_statements_covered_display": "100"}, "missing_lines": [], "excluded_lines": [], "start_line": 40}, "BasePage.get_text": {"executed_lines": [49, 50, 51, 52, 53, 54], "summary": {"covered_lines": 6, "num_statements": 6, "percent_covered": 100.0, "percent_covered_display": "100", "missing_lines": 0, "excluded_lines": 0, "percent_statements_covered": 100.0, "percent_statements_covered_display": "100"}, "missing_lines": [], "excluded_lines": [], "start_line": 47}, "BasePage.is_element_visible": {"executed_lines": [58, 59, 60, 61, 62], "summary": {"covered_lines": 5, "num_statements": 5, "percent_covered": 100.0, "percent_covered_display": "100", "missing_lines": 0, "excluded_lines": 0, "percent_statements_covered": 100.0, "percent_statements_covered_display": "100"}, "missing_lines": [], "excluded_lines": [], "start_line": 56}, "BasePage.wait_for_element_disappear": {"executed_lines": [66, 67, 68], "summary": {"covered_lines": 3, "num_statements": 5, "percent_covered": 60.0, "percent_covered_display": "60", "missing_lines": 2, "excluded_lines": 0, "percent_statements_covered": 60.0, "percent_statements_covered_display": "60"}, "missing_lines": [69, 70], "excluded_lines": [], "start_line": 64}, "BasePage.drag_and_drop": {"executed_lines": [74, 75, 76, 77], "summary": {"covered_lines": 4, "num_statements": 4, "percent_covered": 100.0, "percent_covered_display": "100", "missing_lines": 0, "excluded_lines": 0, "percent_statements_covered": 100.0, "percent_statements_covered_display": "100"}, "missing_lines": [], "excluded_lines": [], "start_line": 72}, "BasePage.wait_for_url_contains": {"executed_lines": [], "summary": {"covered_lines": 0, "num_statements": 1, "percent_covered": 0.0, "percent_covered_display": "0", "missing_lines": 1, "excluded_lines": 0, "percent_statements_covered": 0.0, "percent_statements_covered_display": "0"}, "missing_lines": [81], "excluded_lines": [], "start_line": 79}, "BasePage.scroll_to_element": {"executed_lines": [85, 86], "summary": {"covered_lines": 2, "num_statements": 2, "percent_covered": 100.0, "percent_covered_display": "100", "missing_lines": 0, "excluded_lines": 0, "percent_statements_covered": 100.0, "percent_statements_covered_display": "100"}, "missing_lines": [], "excluded_lines": [], "start_line": 83}, "BasePage.execute_script": {"executed_lines": [90], "summary": {"covered_lines": 1, "num_statements": 1, "percent_covered": 100.0, "percent_covered_display": "100", "missing_lines": 0, "excluded_lines": 0, "percent_statements_covered": 100.0, "percent_statements_covered_display": "100"}, "missing_lines": [], "excluded_lines": [], "start_line": 88}, "": {"executed_lines": [1, 2, 3, 4, 5, 7, 10, 11, 17, 25, 34, 40, 47, 56, 64, 72, 79, 83, 88], "summary": {"covered_lines": 19, "num_statements": 19, "percent_covered": 100.0, "percent_covered_display": "100", "missing_lines": 0, "excluded_lines": 0, "percent_statements_covered": 100.0, "percent_statements_covered_display": "100"}, "missing_lines": [], "excluded_lines": [], "start_line": 1}}, "classes": {"BasePage": {"executed_lines": [12, 13, 14, 15, 19, 20, 21, 22, 23, 27, 28, 29, 42, 43, 44, 45, 49, 50, 51, 52, 53, 54, 58, 59, 60, 61, 62, 66, 67, 68, 74, 75, 76, 77, 85, 86, 90], "summary": {"covered_lines": 37, "num_statements": 46, "percent_covered": 80.43478260869566, "percent_covered_display": "80", "missing_lines": 9, "excluded_lines": 0, "percent_statements_covered": 80.43478260869566, "percent_statements_covered_display": "80"}, "missing_lines": [30, 31, 32, 36, 37, 38, 69, 70, 81], "excluded_lines": [], "start_line": 10}, "": {"executed_lines": [1, 2, 3, 4, 5, 7, 10, 11, 17, 25, 34, 40, 47, 56, 64, 72, 79, 83, 88], "summary": {"covered_lines": 19, "num_statements": 19, "percent_covered": 100.0, "percent_covered_display": "100", "missing_lines": 0, "excluded_lines": 0, "percent_statements_covered": 100.0, "percent_statements_covered_display": "100"}, "missing_lines": [], "excluded_lines": [], "start_line": 1}}}, "pages\\constructor_page.py": {"executed_lines": [1, 2, 3, 4, 5, 6, 8, 11, 13, 14, 17, 20, 23, 24, 27, 28, 29, 30, 33, 34, 35, 38, 39, 42, 43, 44, 45, 48, 50, 51, 53, 54, 56, 57, 59, 60, 62, 63, 65, 66, 68, 69, 71, 72, 75, 77, 78, 80, 82, 83, 85, 87, 88, 90, 91, 93, 96, 98, 155, 157, 159, 160, 162, 163, 164, 165, 169, 181, 182, 184, 186, 187, 189, 190, 191, 192, 194, 195, 196, 197, 199, 200, 201, 202, 204, 205, 207, 208, 210, 211, 213, 214, 216, 218, 219, 221, 222, 223, 224, 226, 227, 228, 229, 231, 232, 234, 235, 237, 238, 240, 242, 245, 246, 249, 250, 251, 252, 253, 254, 255, 257, 258, 259, 260, 264, 265, 267, 269, 271, 274, 275, 277, 278, 279, 280, 282, 283, 284, 286, 287, 288, 289, 295, 296, 298, 299, 301, 302, 303, 305, 306, 310, 312, 319, 320, 326, 327, 331, 332, 334, 335, 336, 339], "summary": {"covered_lines": 163, "num_statements": 205, "percent_covered": 79.51219512195122, "percent_covered_display": "80", "missing_lines": 42, "excluded_lines": 0, "percent_statements_covered": 79.51219512195122, "percent_statements_covered_display": "80"}, "missing_lines": [73, 74, 94, 100, 101, 103, 108, 113, 114, 115, 116, 118, 152, 153, 166, 167, 171, 172, 173, 174, 175, 176, 177, 178, 179, 262, 290, 291, 292, 307, 308, 313, 314, 315, 316, 317, 322, 323, 324, 329, 337, 338], "excluded_lines": [], "functions": {"ConstructorPage.click_constructor": {"executed_lines": [53, 54], "summary": {"covered_lines": 2, "num_statements": 2, "percent_covered": 100.0, "percent_covered_display": "100", "missing_lines": 0, "excluded_lines": 0, "percent_statements_covered": 100.0, "percent_statements_covered_display": "100"}, "missing_lines": [], "excluded_lines": [], "start_line": 51}, "ConstructorPage.click_order_feed": {"executed_lines": [59, 60], "summary": {"covered_lines": 2, "num_statements": 2, "percent_covered": 100.0, "percent_covered_display": "100", "missing_lines": 0, "excluded_lines": 0, "percent_statements_covered": 100.0, "percent_statements_covered_display": "100"}, "missing_lines": [], "excluded_lines": [], "start_line": 57}, "ConstructorPage.click_ingredient": {"executed_lines": [65, 66], "summary": {"covered_lines": 2, "num_statements": 2, "percent_covered": 100.0, "percent_covered_display": "100", "missing_lines": 0, "excluded_lines": 0, "percent_statements_covered": 100.0, "percent_statements_covered_display": "100"}, "missing_lines": [], "excluded_lines": [], "start_line": 63}, "ConstructorPage.close_modal": {"executed_lines": [71, 72, 75], "summary": {"covered_lines": 3, "num_statements": 5, "percent_covered": 60.0, "percent_covered_display": "60", "missing_lines": 2, "excluded_lines": 0, "percent_statements_covered": 60.0, "percent_statements_covered_display": "60"}, "missing_lines": [73, 74], "excluded_lines": [], "start_line": 69}, "ConstructorPage.is_modal_visible": {"executed_lines": [80], "summary": {"covered_lines": 1, "num_statements": 1, "percent_covered": 100.0, "percent_covered_display": "100", "missing_lines": 0, "excluded_lines": 0, "percent_statements_covered": 100.0, "percent_statements_covered_display": "100"}, "missing_lines": [], "excluded_lines": [], "start_line": 78}, "ConstructorPage.add_ingredient_by_drag_drop": {"executed_lines": [85, 87, 88, 90, 91, 93, 96], "summary": {"covered_lines": 7, "num_statements": 8, "percent_covered": 87.5, "percent_covered_display": "88", "missing_lines": 1, "excluded_lines": 0, "percent_statements_covered": 87.5, "percent_statements_covered_display": "88"}, "missing_lines": [94], "excluded_lines": [], "start_line": 83}, "ConstructorPage._drag_and_drop_firefox": {"executed_lines": [], "summary": {"covered_lines": 0, "num_statements": 11, "percent_covered": 0.0, "percent_covered_display": "0", "missing_lines": 11, "excluded_lines": 0, "percent_statements_covered": 0.0, "percent_statements_covered_display": "0"}, "missing_lines": [100, 101, 103, 108, 113, 114, 115, 116, 118, 152, 153], "excluded_lines": [], "start_line": 98}, "ConstructorPage._drag_and_drop_chrome": {"executed_lines": [157], "summary": {"covered_lines": 1, "num_statements": 1, "percent_covered": 100.0, "percent_covered_display": "100", "missing_lines": 0, "excluded_lines": 0, "percent_statements_covered": 100.0, "percent_statements_covered_display": "100"}, "missing_lines": [], "excluded_lines": [], "start_line": 155}, "ConstructorPage.get_ingredient_counter_value": {"executed_lines": [162, 163, 164, 165], "summary": {"covered_lines": 4, "num_statements": 6, "percent_covered": 66.66666666666667, "percent_covered_display": "67", "missing_lines": 2, "excluded_lines": 0, "percent_statements_covered": 66.66666666666667, "percent_statements_covered_display": "67"}, "missing_lines": [166, 167], "excluded_lines": [], "start_line": 160}, "ConstructorPage.find_element_with_retry": {"executed_lines": [], "summary": {"covered_lines": 0, "num_statements": 9, "percent_covered": 0.0, "percent_covered_display": "0", "missing_lines": 9, "excluded_lines": 0, "percent_statements_covered": 0.0, "percent_statements_covered_display": "0"}, "missing_lines": [171, 172, 173, 174, 175, 176, 177, 178, 179], "excluded_lines": [], "start_line": 169}, "ConstructorPage.register_user": {"executed_lines": [184, 186, 187, 189, 190, 191, 192, 194, 195, 196, 197, 199, 200, 201, 202, 204, 205, 207, 208, 210, 211], "summary": {"covered_lines": 21, "num_statements": 21, "percent_covered": 100.0, "percent_covered_display": "100", "missing_lines": 0, "excluded_lines": 0, "percent_statements_covered": 100.0, "percent_statements_covered_display": "100"}, "missing_lines": [], "excluded_lines": [], "start_line": 182}, "ConstructorPage.login_user": {"executed_lines": [216, 218, 219, 221, 222, 223, 224, 226, 227, 228, 229, 231, 232, 234, 235], "summary": {"covered_lines": 15, "num_statements": 15, "percent_covered": 100.0, "percent_covered_display": "100", "missing_lines": 0, "excluded_lines": 0, "percent_statements_covered": 100.0, "percent_statements_covered_display": "100"}, "missing_lines": [], "excluded_lines": [], "start_line": 214}, "ConstructorPage.create_order": {"executed_lines": [240, 242, 245, 246, 249, 250, 251, 252, 253, 254, 255, 257, 258, 259, 260, 264, 265, 267], "summary": {"covered_lines": 18, "num_statements": 19, "percent_covered": 94.73684210526316, "percent_covered_display": "95", "missing_lines": 1, "excluded_lines": 0, "percent_statements_covered": 94.73684210526316, "percent_statements_covered_display": "95"}, "missing_lines": [262], "excluded_lines": [], "start_line": 238}, "ConstructorPage._wait_for_order_number_update": {"executed_lines": [271, 274, 275, 277, 295, 296], "summary": {"covered_lines": 6, "num_statements": 6, "percent_covered": 100.0, "percent_covered_display": "100", "missing_lines": 0, "excluded_lines": 0, "percent_statements_covered": 100.0, "percent_statements_covered_display": "100"}, "missing_lines": [], "excluded_lines": [], "start_line": 269}, "ConstructorPage._wait_for_order_number_update.order_number_updated": {"executed_lines": [278, 279, 280, 282, 283, 284, 286, 287, 288, 289], "summary": {"covered_lines": 10, "num_statements": 13, "percent_covered": 76.92307692307692, "percent_covered_display": "77", "missing_lines": 3, "excluded_lines": 0, "percent_statements_covered": 76.92307692307692, "percent_statements_covered_display": "77"}, "missing_lines": [290, 291, 292], "excluded_lines": [], "start_line": 277}, "ConstructorPage.get_order_number": {"executed_lines": [301, 302, 303, 305, 306, 310, 312, 319, 320], "summary": {"covered_lines": 9, "num_statements": 19, "percent_covered": 47.36842105263158, "percent_covered_display": "47", "missing_lines": 10, "excluded_lines": 0, "percent_statements_covered": 47.36842105263158, "percent_statements_covered_display": "47"}, "missing_lines": [307, 308, 313, 314, 315, 316, 317, 322, 323, 324], "excluded_lines": [], "start_line": 299}, "ConstructorPage.is_order_modal_visible": {"executed_lines": [], "summary": {"covered_lines": 0, "num_statements": 1, "percent_covered": 0.0, "percent_covered_display": "0", "missing_lines": 1, "excluded_lines": 0, "percent_statements_covered": 0.0, "percent_statements_covered_display": "0"}, "missing_lines": [329], "excluded_lines": [], "start_line": 327}, "ConstructorPage.close_order_modal": {"executed_lines": [334, 335, 336, 339], "summary": {"covered_lines": 4, "num_statements": 6, "percent_covered": 66.66666666666667, "percent_covered_display": "67", "missing_lines": 2, "excluded_lines": 0, "percent_statements_covered": 66.66666666666667, "percent_statements_covered_display": "67"}, "missing_lines": [337, 338], "excluded_lines": [], "start_line": 332}, "": {"executed_lines": [1, 2, 3, 4, 5, 6, 8, 11, 13, 14, 17, 20, 23, 24, 27, 28, 29, 30, 33, 34, 35, 38, 39, 42, 43, 44, 45, 48, 50, 51, 56, 57, 62, 63, 68, 69, 77, 78, 82, 83, 98, 155, 159, 160, 169, 181, 182, 213, 214, 237, 238, 269, 298, 299, 326, 327, 331, 332], "summary": {"covered_lines": 58, "num_statements": 58, "percent_covered": 100.0, "percent_covered_display": "100", "missing_lines": 0, "excluded_lines": 0, "percent_statements_covered": 100.0, "percent_statements_covered_display": "100"}, "missing_lines": [], "excluded_lines": [], "start_line": 1}}, "classes": {"ConstructorPage": {"executed_lines": [53, 54, 59, 60, 65, 66, 71, 72, 75, 80, 85, 87, 88, 90, 91, 93, 96, 157, 162, 163, 164, 165, 184, 186, 187, 189, 190, 191, 192, 194, 195, 196, 197, 199, 200, 201, 202, 204, 205, 207, 208, 210, 211, 216, 218, 219, 221, 222, 223, 224, 226, 227, 228, 229, 231, 232, 234, 235, 240, 242, 245, 246, 249, 250, 251, 252, 253, 254, 255, 257, 258, 259, 260, 264, 265, 267, 271, 274, 275, 277, 278, 279, 280, 282, 283, 284, 286, 287, 288, 289, 295, 296, 301, 302, 303, 305, 306, 310, 312, 319, 320, 334, 335, 336, 339], "summary": {"covered_lines": 105, "num_statements": 147, "percent_covered": 71.42857142857143, "percent_covered_display": "71", "missing_lines": 42, "excluded_lines": 0, "percent_statements_covered": 71.42857142857143, "percent_statements_covered_display": "71"}, "missing_lines": [73, 74, 94, 100, 101, 103, 108, 113, 114, 115, 116, 118, 152, 153, 166, 167, 171, 172, 173, 174, 175, 176, 177, 178, 179, 262, 290, 291, 292, 307, 308, 313, 314, 315, 316, 317, 322, 323, 324, 329, 337, 338], "excluded_lines": [], "start_line": 11}, "": {"executed_lines": [1, 2, 3, 4, 5, 6, 8, 11, 13, 14, 17, 20, 23, 24, 27, 28, 29, 30, 33, 34, 35, 38, 39, 42, 43, 44, 45, 48, 50, 51, 56, 57, 62, 63, 68, 69, 77, 78, 82, 83, 98, 155, 159, 160, 169, 181, 182, 213, 214, 237, 238, 269, 298, 299, 326, 327, 331, 332], "summary": {"covered_lines": 58, "num_statements": 58, "percent_covered": 100.0, "percent_covered_display": "100", "missing_lines": 0, "excluded_lines": 0, "percent_statements_covered": 100.0, "percent_statements_covered_display": "100"}, "missing_lines": [], "excluded_lines": [], "start_line": 1}}}, "pages\\order_feed_page.py": {"executed_lines": [1, 2, 3, 4, 5, 6, 8, 11, 13, 14, 17, 18, 20, 21, 24, 25, 27, 28, 30, 32, 33, 38, 40, 41, 43, 44, 46, 47, 49, 50, 51, 52, 62, 63, 65, 66, 67, 68, 69, 70, 71, 74, 75, 76, 78, 79, 81, 82, 83, 84, 85, 90, 91, 93, 95, 96, 98, 99, 100, 101, 104, 105, 107, 108, 109, 111, 112, 113, 114, 115, 116], "summary": {"covered_lines": 71, "num_statements": 90, "percent_covered": 78.88888888888889, "percent_covered_display": "79", "missing_lines": 19, "excluded_lines": 0, "percent_statements_covered": 78.88888888888889, "percent_statements_covered_display": "79"}, "missing_lines": [35, 36, 42, 53, 54, 55, 56, 57, 58, 59, 60, 72, 73, 86, 87, 88, 110, 118, 119], "excluded_lines": [], "functions": {"OrderFeedPage.click_constructor": {"executed_lines": [30], "summary": {"covered_lines": 1, "num_statements": 1, "percent_covered": 100.0, "percent_covered_display": "100", "missing_lines": 0, "excluded_lines": 0, "percent_statements_covered": 100.0, "percent_statements_covered_display": "100"}, "missing_lines": [], "excluded_lines": [], "start_line": 28}, "OrderFeedPage.click_order_feed": {"executed_lines": [], "summary": {"covered_lines": 0, "num_statements": 2, "percent_covered": 0.0, "percent_covered_display": "0", "missing_lines": 2, "excluded_lines": 0, "percent_statements_covered": 0.0, "percent_statements_covered_display": "0"}, "missing_lines": [35, 36], "excluded_lines": [], "start_line": 33}, "OrderFeedPage._wait_for_feed_load": {"executed_lines": [40, 41, 43, 44], "summary": {"covered_lines": 4, "num_statements": 5, "percent_covered": 80.0, "percent_covered_display": "80", "missing_lines": 1, "excluded_lines": 0, "percent_statements_covered": 80.0, "percent_statements_covered_display": "80"}, "missing_lines": [42], "excluded_lines": [], "start_line": 38}, "OrderFeedPage.get_total_orders_count": {"executed_lines": [49, 50, 51, 52], "summary": {"covered_lines": 4, "num_statements": 12, "percent_covered": 33.333333333333336, "percent_covered_display": "33", "missing_lines": 8, "excluded_lines": 0, "percent_statements_covered": 33.333333333333336, "percent_statements_covered_display": "33"}, "missing_lines": [53, 54, 55, 56, 57, 58, 59, 60], "excluded_lines": [], "start_line": 47}, "OrderFeedPage.get_today_orders_count": {"executed_lines": [65, 66, 67, 68, 69, 70, 71, 74, 75, 76], "summary": {"covered_lines": 10, "num_statements": 12, "percent_covered": 83.33333333333333, "percent_covered_display": "83", "missing_lines": 2, "excluded_lines": 0, "percent_statements_covered": 83.33333333333333, "percent_statements_covered_display": "83"}, "missing_lines": [72, 73], "excluded_lines": [], "start_line": 63}, "OrderFeedPage.get_orders_in_progress": {"executed_lines": [81, 82, 83, 84, 85], "summary": {"covered_lines": 5, "num_statements": 8, "percent_covered": 62.5, "percent_covered_display": "62", "missing_lines": 3, "excluded_lines": 0, "percent_statements_covered": 62.5, "percent_statements_covered_display": "62"}, "missing_lines": [86, 87, 88], "excluded_lines": [], "start_line": 79}, "OrderFeedPage.wait_for_order_in_progress": {"executed_lines": [93, 95, 96, 98, 99, 100, 101, 104, 105, 107], "summary": {"covered_lines": 10, "num_statements": 12, "percent_covered": 83.33333333333333, "percent_covered_display": "83", "missing_lines": 2, "excluded_lines": 0, "percent_statements_covered": 83.33333333333333, "percent_statements_covered_display": "83"}, "missing_lines": [118, 119], "excluded_lines": [], "start_line": 91}, "OrderFeedPage.wait_for_order_in_progress.order_in_progress": {"executed_lines": [108, 109, 111, 112, 113, 114, 115, 116], "summary": {"covered_lines": 8, "num_statements": 9, "percent_covered": 88.88888888888889, "percent_covered_display": "89", "missing_lines": 1, "excluded_lines": 0, "percent_statements_covered": 88.88888888888889, "percent_statements_covered_display": "89"}, "missing_lines": [110], "excluded_lines": [], "start_line": 107}, "": {"executed_lines": [1, 2, 3, 4, 5, 6, 8, 11, 13, 14, 17, 18, 20, 21, 24, 25, 27, 28, 32, 33, 38, 46, 47, 62, 63, 78, 79, 90, 91], "summary": {"covered_lines": 29, "num_statements": 29, "percent_covered": 100.0, "percent_covered_display": "100", "missing_lines": 0, "excluded_lines": 0, "percent_statements_covered": 100.0, "percent_statements_covered_display": "100"}, "missing_lines": [], "excluded_lines": [], "start_line": 1}}, "classes": {"OrderFeedPage": {"executed_lines": [30, 40, 41, 43, 44, 49, 50, 51, 52, 65, 66, 67, 68, 69, 70, 71, 74, 75, 76, 81, 82, 83, 84, 85, 93, 95, 96, 98, 99, 100, 101, 104, 105, 107, 108, 109, 111, 112, 113, 114, 115, 116], "summary": {"covered_lines": 42, "num_statements": 61, "percent_covered": 68.85245901639344, "percent_covered_display": "69", "missing_lines": 19, "excluded_lines": 0, "percent_statements_covered": 68.85245901639344, "percent_statements_covered_display": "69"}, "missing_lines": [35, 36, 42, 53, 54, 55, 56, 57, 58, 59, 60, 72, 73, 86, 87, 88, 110, 118, 119], "excluded_lines": [], "start_line": 11}, "": {"executed_lines": [1, 2, 3, 4, 5, 6, 8, 11, 13, 14, 17, 18, 20, 21, 24, 25, 27, 28, 32, 33, 38, 46, 47, 62, 63, 78, 79, 90, 91], "summary": {"covered_lines": 29, "num_statements": 29, "percent_covered": 100.0, "percent_covered_display": "100", "missing_lines": 0, "excluded_lines": 0, "percent_statements_covered": 100.0, "percent_statements_covered_display": "100"}, "missing_lines": [], "excluded_lines": [], "start_line": 1}}}, "pages\\order_modal.py": {"executed_lines": [], "summary": {"covered_lines": 0, "num_statements": 10, "percent_covered": 0.0, "percent_covered_display": "0", "missing_lines": 10, "excluded_lines": 0, "percent_statements_covered": 0.0, "percent_statements_covered_display": "0"}, "missing_lines": [1, 2, 5, 6, 7, 9, 11, 13, 15, 16], "excluded_lines": [], "functions": {"OrderModal.get_order_number": {"executed_lines": [], "summary": {"covered_lines": 0, "num_statements": 1, "percent_covered": 0.0, "percent_covered_display": "0", "missing_lines": 1, "excluded_lines": 0, "percent_statements_covered": 0.0, "percent_statements_covered_display": "0"}, "missing_lines": [11], "excluded_lines": [], "start_line": 9}, "OrderModal.close_modal": {"executed_lines": [], "summary": {"covered_lines": 0, "num_statements": 2, "percent_covered": 0.0, "percent_covered_display": "0", "missing_lines": 2, "excluded_lines": 0, "percent_statements_covered": 0.0, "percent_statements_covered_display": "0"}, "missing_lines": [15, 16], "excluded_lines": [], "start_line": 13}, "": {"executed_lines": [], "summary": {"covered_lines": 0, "num_statements": 7, "percent_covered": 0.0, "percent_covered_display": "0", "missing_lines": 7, "excluded_lines": 0, "percent_statements_covered": 0.0, "percent_statements_covered_display": "0"}, "missing_lines": [1, 2, 5, 6, 7, 9, 13], "excluded_lines": [], "start_line": 1}}, "classes": {"OrderModal": {"executed_lines": [], "summary": {"covered_lines": 0, "num_statements": 3, "percent_covered": 0.0, "percent_covered_display": "0", "missing_lines": 3, "excluded_lines": 0, "percent_statements_covered": 0.0, "percent_statements_covered_display": "0"}, "missing_lines": [11, 15, 16], "excluded_lines": [], "start_line": 5}, "": {"executed_lines": [], "summary": {"covered_lines": 0, "num_statements": 7, "percent_covered": 0.0, "percent_covered_display": "0", "missing_lines": 7, "excluded_lines": 0, "percent_statements_covered": 0.0, "percent_statements_covered_display": "0"}, "missing_lines": [1, 2, 5, 6, 7, 9, 13], "excluded_lines": [], "start_line": 1}}}, "tests\\__init__.py": {"executed_lines": [], "summary": {"covered_lines": 0, "num_statements": 0, "percent_covered": 100.0, "percent_covered_display": "100", "missing_lines": 0, "excluded_lines": 0, "percent_statements_covered": 100.0, "percent_statements_covered_display": "100"}, "missing_lines": [], "excluded_lines": [], "functions": {"": {"executed_lines": [], "summary": {"covered_lines": 0, "num_statements": 0, "percent_covered": 100.0, "percent_covered_display": "100", "missing_lines": 0, "excluded_lines": 0, "percent_statements_covered": 100.0, "percent_statements_covered_display": "100"}, "missing_lines": [], "excluded_lines": [], "start_line": 1}}, "classes": {"": {"executed_lines": [], "summary": {"covered_lines": 0, "num_statements": 0, "percent_covered": 100.0, "percent_covered_display": "100", "missing_lines": 0, "excluded_lines": 0, "percent_statements_covered": 100.0, "percent_statements_covered_display": "100"}, "missing_lines": [], "excluded_lines": [], "start_line": 1}}}, "tests\\test_constructor.py": {"executed_lines": [1, 2, 3, 4, 6, 9, 10, 12, 13, 14, 16, 17, 18, 19, 21, 22, 23, 25, 26, 27, 28, 30, 31, 32, 34, 35, 36, 37, 39, 40, 41, 43, 44, 45, 46, 47, 48, 50, 51, 52, 54, 55, 57, 58, 59, 61, 63, 64, 65, 66, 68, 70, 71, 73, 74], "summary": {"covered_lines": 55, "num_statements": 55, "percent_covered": 100.0, "percent_covered_display": "100", "missing_lines": 0, "excluded_lines": 0, "percent_statements_covered": 100.0, "percent_statements_covered_display": "100"}, "missing_lines": [], "excluded_lines": [], "functions": {"TestConstructor.test_click_constructor": {"executed_lines": [16, 17, 18, 19], "summary": {"covered_lines": 4, "num_statements": 4, "percent_covered": 100.0, "percent_covered_display": "100", "missing_lines": 0, "excluded_lines": 0, "percent_statements_covered": 100.0, "percent_statements_covered_display": "100"}, "missing_lines": [], "excluded_lines": [], "start_line": 14}, "TestConstructor.test_click_order_feed": {"executed_lines": [25, 26, 27, 28], "summary": {"covered_lines": 4, "num_statements": 4, "percent_covered": 100.0, "percent_covered_display": "100", "missing_lines": 0, "excluded_lines": 0, "percent_statements_covered": 100.0, "percent_statements_covered_display": "100"}, "missing_lines": [], "excluded_lines": [], "start_line": 23}, "TestConstructor.test_ingredient_modal_appears": {"executed_lines": [34, 35, 36, 37], "summary": {"covered_lines": 4, "num_statements": 4, "percent_covered": 100.0, "percent_covered_display": "100", "missing_lines": 0, "excluded_lines": 0, "percent_statements_covered": 100.0, "percent_statements_covered_display": "100"}, "missing_lines": [], "excluded_lines": [], "start_line": 32}, "TestConstructor.test_modal_closes_by_cross": {"executed_lines": [43, 44, 45, 46, 47, 48], "summary": {"covered_lines": 6, "num_statements": 6, "percent_covered": 100.0, "percent_covered_display": "100", "missing_lines": 0, "excluded_lines": 0, "percent_statements_covered": 100.0, "percent_statements_covered_display": "100"}, "missing_lines": [], "excluded_lines": [], "start_line": 41}, "TestConstructor.test_ingredient_counter_increases": {"executed_lines": [54, 55, 57, 58, 59, 61, 63, 68, 70, 71, 73, 74], "summary": {"covered_lines": 12, "num_statements": 12, "percent_covered": 100.0, "percent_covered_display": "100", "missing_lines": 0, "excluded_lines": 0, "percent_statements_covered": 100.0, "percent_statements_covered_display": "100"}, "missing_lines": [], "excluded_lines": [], "start_line": 52}, "TestConstructor.test_ingredient_counter_increases.counter_updated": {"executed_lines": [64, 65, 66], "summary": {"covered_lines": 3, "num_statements": 3, "percent_covered": 100.0, "percent_covered_display": "100", "missing_lines": 0, "excluded_lines": 0, "percent_statements_covered": 100.0, "percent_statements_covered_display": "100"}, "missing_lines": [], "excluded_lines": [], "start_line": 63}, "": {"executed_lines": [1, 2, 3, 4, 6, 9, 10, 12, 13, 14, 21, 22, 23, 30, 31, 32, 39, 40, 41, 50, 51, 52], "summary": {"covered_lines": 22, "num_statements": 22, "percent_covered": 100.0, "percent_covered_display": "100", "missing_lines": 0, "excluded_lines": 0, "percent_statements_covered": 100.0, "percent_statements_covered_display": "100"}, "missing_lines": [], "excluded_lines": [], "start_line": 1}}, "classes": {"TestConstructor": {"executed_lines": [16, 17, 18, 19, 25, 26, 27, 28, 34, 35, 36, 37, 43, 44, 45, 46, 47, 48, 54, 55, 57, 58, 59, 61, 63, 64, 65, 66, 68, 70, 71, 73, 74], "summary": {"covered_lines": 33, "num_statements": 33, "percent_covered": 100.0, "percent_covered_display": "100", "missing_lines": 0, "excluded_lines": 0, "percent_statements_covered": 100.0, "percent_statements_covered_display": "100"}, "missing_lines": [], "excluded_lines": [], "start_line": 10}, "": {"executed_lines": [1, 2, 3, 4, 6, 9, 10, 12, 13, 14, 21, 22, 23, 30, 31, 32, 39, 40, 41, 50, 51, 52], "summary": {"covered_lines": 22, "num_statements": 22, "percent_covered": 100.0, "percent_covered_display": "100", "missing_lines": 0, "excluded_lines": 0, "percent_statements_covered": 100.0, "percent_statements_covered_display": "100"}, "missing_lines": [], "excluded_lines": [], "start_line": 1}}}, "tests\\test_order_feed.py": {"executed_lines": [1, 2, 3, 4, 5, 6, 8, 11, 12, 14, 15, 16, 18, 19, 21, 22, 28, 29, 34, 35, 37, 38, 39, 41, 49, 50, 52, 53, 54, 56, 57, 60, 61, 63, 64, 65, 66, 67, 69, 71, 72, 74, 75, 77, 78, 79, 81, 82, 84, 85, 91, 92, 97, 98, 100, 101, 102, 104, 105, 106, 107, 108, 109, 110, 112, 113, 115, 116, 117, 119, 120, 123, 124, 126, 127, 128, 129, 130, 132, 134, 135, 137, 138, 140, 141, 142, 144, 145, 147, 148, 154, 155, 160, 162, 163, 164, 166, 167, 168, 171, 173, 174, 176, 177, 179, 181, 182, 183, 184, 185, 187, 188], "summary": {"covered_lines": 112, "num_statements": 118, "percent_covered": 94.91525423728814, "percent_covered_display": "95", "missing_lines": 6, "excluded_lines": 0, "percent_statements_covered": 94.91525423728814, "percent_statements_covered_display": "95"}, "missing_lines": [42, 43, 44, 45, 46, 47], "excluded_lines": [], "functions": {"TestOrderFeed.test_total_orders_counter_increases": {"executed_lines": [18, 19, 21, 22, 28, 29, 34, 35, 37, 38, 39, 41, 49, 50, 52, 53, 54, 56, 57, 60, 61, 63, 69, 71, 72, 74, 75], "summary": {"covered_lines": 27, "num_statements": 33, "percent_covered": 81.81818181818181, "percent_covered_display": "82", "missing_lines": 6, "excluded_lines": 0, "percent_statements_covered": 81.81818181818181, "percent_statements_covered_display": "82"}, "missing_lines": [42, 43, 44, 45, 46, 47], "excluded_lines": [], "start_line": 16}, "TestOrderFeed.test_total_orders_counter_increases.total_updated": {"executed_lines": [64, 65, 66, 67], "summary": {"covered_lines": 4, "num_statements": 4, "percent_covered": 100.0, "percent_covered_display": "100", "missing_lines": 0, "excluded_lines": 0, "percent_statements_covered": 100.0, "percent_statements_covered_display": "100"}, "missing_lines": [], "excluded_lines": [], "start_line": 63}, "TestOrderFeed.test_today_orders_counter_increases": {"executed_lines": [81, 82, 84, 85, 91, 92, 97, 98, 100, 101, 102, 104, 105, 106, 107, 108, 109, 110, 112, 113, 115, 116, 117, 119, 120, 123, 124, 126, 132, 134, 135, 137, 138], "summary": {"covered_lines": 33, "num_statements": 33, "percent_covered": 100.0, "percent_covered_display": "100", "missing_lines": 0, "excluded_lines": 0, "percent_statements_covered": 100.0, "percent_statements_covered_display": "100"}, "missing_lines": [], "excluded_lines": [], "start_line": 79}, "TestOrderFeed.test_today_orders_counter_increases.today_updated": {"executed_lines": [127, 128, 129, 130], "summary": {"covered_lines": 4, "num_statements": 4, "percent_covered": 100.0, "percent_covered_display": "100", "missing_lines": 0, "excluded_lines": 0, "percent_statements_covered": 100.0, "percent_statements_covered_display": "100"}, "missing_lines": [], "excluded_lines": [], "start_line": 126}, "TestOrderFeed.test_order_number_appears_in_progress": {"executed_lines": [144, 145, 147, 148, 154, 155, 160, 162, 163, 164, 166, 167, 168, 171, 173, 174, 176, 177, 179, 181, 182, 183, 184, 185, 187, 188], "summary": {"covered_lines": 26, "num_statements": 26, "percent_covered": 100.0, "percent_covered_display": "100", "missing_lines": 0, "excluded_lines": 0, "percent_statements_covered": 100.0, "percent_statements_covered_display": "100"}, "missing_lines": [], "excluded_lines": [], "start_line": 142}, "": {"executed_lines": [1, 2, 3, 4, 5, 6, 8, 11, 12, 14, 15, 16, 77, 78, 79, 140, 141, 142], "summary": {"covered_lines": 18, "num_statements": 18, "percent_covered": 100.0, "percent_covered_display": "100", "missing_lines": 0, "excluded_lines": 0, "percent_statements_covered": 100.0, "percent_statements_covered_display": "100"}, "missing_lines": [], "excluded_lines": [], "start_line": 1}}, "classes": {"TestOrderFeed": {"executed_lines": [18, 19, 21, 22, 28, 29, 34, 35, 37, 38, 39, 41, 49, 50, 52, 53, 54, 56, 57, 60, 61, 63, 64, 65, 66, 67, 69, 71, 72, 74, 75, 81, 82, 84, 85, 91, 92, 97, 98, 100, 101, 102, 104, 105, 106, 107, 108, 109, 110, 112, 113, 115, 116, 117, 119, 120, 123, 124, 126, 127, 128, 129, 130, 132, 134, 135, 137, 138, 144, 145, 147, 148, 154, 155, 160, 162, 163, 164, 166, 167, 168, 171, 173, 174, 176, 177, 179, 181, 182, 183, 184, 185, 187, 188], "summary": {"covered_lines": 94, "num_statements": 100, "percent_covered": 94.0, "percent_covered_display": "94", "missing_lines": 6, "excluded_lines": 0, "percent_statements_covered": 94.0, "percent_statements_covered_display": "94"}, "missing_lines": [42, 43, 44, 45, 46, 47], "excluded_lines": [], "start_line": 12}, "": {"executed_lines": [1, 2, 3, 4, 5, 6, 8, 11, 12, 14, 15, 16, 77, 78, 79, 140, 141, 142], "summary": {"covered_lines": 18, "num_statements": 18, "percent_covered": 100.0, "percent_covered_display": "100", "missing_lines": 0, "excluded_lines": 0, "percent_statements_covered": 100.0, "percent_statements_covered_display": "100"}, "missing_lines": [], "excluded_lines": [], "start_line": 1}}}}, "totals": {"covered_lines": 506, "num_statements": 598, "percent_covered": 84.61538461538461, "percent_covered_display": "85", "missing_lines": 92, "excluded_lines": 0, "percent_statements_covered": 84.61538461538461, "percent_statements_covered_display": "85"}}