{"meta": {"format": 3, "version": "7.14.0", "timestamp": "2026-06-11T16:01:37.709926", "branch_coverage": false, "show_contexts": false}, "files": {"tests\\generators.py": {"executed_lines": [1, 2, 4, 6, 7, 8, 9, 10, 12, 14, 15, 16, 18, 20, 21, 23, 25, 26, 27], "summary": {"covered_lines": 19, "num_statements": 19, "percent_covered": 100.0, "percent_covered_display": "100", "missing_lines": 0, "excluded_lines": 0, "percent_statements_covered": 100.0, "percent_statements_covered_display": "100"}, "missing_lines": [], "excluded_lines": [], "functions": {"generate_email": {"executed_lines": [6, 7, 8, 9, 10], "summary": {"covered_lines": 5, "num_statements": 5, "percent_covered": 100.0, "percent_covered_display": "100", "missing_lines": 0, "excluded_lines": 0, "percent_statements_covered": 100.0, "percent_statements_covered_display": "100"}, "missing_lines": [], "excluded_lines": [], "start_line": 4}, "generate_password": {"executed_lines": [14, 15, 16], "summary": {"covered_lines": 3, "num_statements": 3, "percent_covered": 100.0, "percent_covered_display": "100", "missing_lines": 0, "excluded_lines": 0, "percent_statements_covered": 100.0, "percent_statements_covered_display": "100"}, "missing_lines": [], "excluded_lines": [], "start_line": 12}, "generate_name": {"executed_lines": [20, 21], "summary": {"covered_lines": 2, "num_statements": 2, "percent_covered": 100.0, "percent_covered_display": "100", "missing_lines": 0, "excluded_lines": 0, "percent_statements_covered": 100.0, "percent_statements_covered_display": "100"}, "missing_lines": [], "excluded_lines": [], "start_line": 18}, "generate_invalid_password": {"executed_lines": [25, 26, 27], "summary": {"covered_lines": 3, "num_statements": 3, "percent_covered": 100.0, "percent_covered_display": "100", "missing_lines": 0, "excluded_lines": 0, "percent_statements_covered": 100.0, "percent_statements_covered_display": "100"}, "missing_lines": [], "excluded_lines": [], "start_line": 23}, "": {"executed_lines": [1, 2, 4, 12, 18, 23], "summary": {"covered_lines": 6, "num_statements": 6, "percent_covered": 100.0, "percent_covered_display": "100", "missing_lines": 0, "excluded_lines": 0, "percent_statements_covered": 100.0, "percent_statements_covered_display": "100"}, "missing_lines": [], "excluded_lines": [], "start_line": 1}}, "classes": {"": {"executed_lines": [1, 2, 4, 6, 7, 8, 9, 10, 12, 14, 15, 16, 18, 20, 21, 23, 25, 26, 27], "summary": {"covered_lines": 19, "num_statements": 19, "percent_covered": 100.0, "percent_covered_display": "100", "missing_lines": 0, "excluded_lines": 0, "percent_statements_covered": 100.0, "percent_statements_covered_display": "100"}, "missing_lines": [], "excluded_lines": [], "start_line": 1}}}, "tests\\helpers.py": {"executed_lines": [1, 2, 3, 4, 5, 6, 7, 8, 9, 11, 13, 14, 15, 16, 17, 18, 20, 21, 22, 24, 26, 30, 32, 35, 36, 38, 40, 41, 44, 48, 50, 51, 52, 54, 56, 57, 58, 59, 62, 66, 68, 70, 71, 72, 75, 79, 81, 84, 86, 89, 94], "summary": {"covered_lines": 51, "num_statements": 66, "percent_covered": 77.27272727272727, "percent_covered_display": "77", "missing_lines": 15, "excluded_lines": 0, "percent_statements_covered": 77.27272727272727, "percent_statements_covered_display": "77"}, "missing_lines": [45, 46, 91, 92, 96, 101, 107, 108, 110, 111, 112, 113, 114, 115, 116], "excluded_lines": [], "functions": {"create_driver": {"executed_lines": [13, 14, 15, 16, 17, 18, 20, 21, 22], "summary": {"covered_lines": 9, "num_statements": 9, "percent_covered": 100.0, "percent_covered_display": "100", "missing_lines": 0, "excluded_lines": 0, "percent_statements_covered": 100.0, "percent_statements_covered_display": "100"}, "missing_lines": [], "excluded_lines": [], "start_line": 11}, "wait_and_find": {"executed_lines": [26], "summary": {"covered_lines": 1, "num_statements": 1, "percent_covered": 100.0, "percent_covered_display": "100", "missing_lines": 0, "excluded_lines": 0, "percent_statements_covered": 100.0, "percent_statements_covered_display": "100"}, "missing_lines": [], "excluded_lines": [], "start_line": 24}, "wait_and_click": {"executed_lines": [32, 35, 36], "summary": {"covered_lines": 3, "num_statements": 3, "percent_covered": 100.0, "percent_covered_display": "100", "missing_lines": 0, "excluded_lines": 0, "percent_statements_covered": 100.0, "percent_statements_covered_display": "100"}, "missing_lines": [], "excluded_lines": [], "start_line": 30}, "is_element_present": {"executed_lines": [40, 41, 44], "summary": {"covered_lines": 3, "num_statements": 5, "percent_covered": 60.0, "percent_covered_display": "60", "missing_lines": 2, "excluded_lines": 0, "percent_statements_covered": 60.0, "percent_statements_covered_display": "60"}, "missing_lines": [45, 46], "excluded_lines": [], "start_line": 38}, "register_user": {"executed_lines": [50, 51, 52, 54, 56, 57, 58, 59, 62, 66], "summary": {"covered_lines": 10, "num_statements": 10, "percent_covered": 100.0, "percent_covered_display": "100", "missing_lines": 0, "excluded_lines": 0, "percent_statements_covered": 100.0, "percent_statements_covered_display": "100"}, "missing_lines": [], "excluded_lines": [], "start_line": 48}, "login_user": {"executed_lines": [70, 71, 72, 75], "summary": {"covered_lines": 4, "num_statements": 4, "percent_covered": 100.0, "percent_covered_display": "100", "missing_lines": 0, "excluded_lines": 0, "percent_statements_covered": 100.0, "percent_statements_covered_display": "100"}, "missing_lines": [], "excluded_lines": [], "start_line": 68}, "register_and_login_user": {"executed_lines": [81, 84, 86], "summary": {"covered_lines": 3, "num_statements": 3, "percent_covered": 100.0, "percent_covered_display": "100", "missing_lines": 0, "excluded_lines": 0, "percent_statements_covered": 100.0, "percent_statements_covered_display": "100"}, "missing_lines": [], "excluded_lines": [], "start_line": 79}, "scroll_to_element_center": {"executed_lines": [], "summary": {"covered_lines": 0, "num_statements": 2, "percent_covered": 0.0, "percent_covered_display": "0", "missing_lines": 2, "excluded_lines": 0, "percent_statements_covered": 0.0, "percent_statements_covered_display": "0"}, "missing_lines": [91, 92], "excluded_lines": [], "start_line": 89}, "safe_click": {"executed_lines": [], "summary": {"covered_lines": 0, "num_statements": 11, "percent_covered": 0.0, "percent_covered_display": "0", "missing_lines": 11, "excluded_lines": 0, "percent_statements_covered": 0.0, "percent_statements_covered_display": "0"}, "missing_lines": [96, 101, 107, 108, 110, 111, 112, 113, 114, 115, 116], "excluded_lines": [], "start_line": 94}, "": {"executed_lines": [1, 2, 3, 4, 5, 6, 7, 8, 9, 11, 24, 30, 38, 48, 68, 79, 89, 94], "summary": {"covered_lines": 18, "num_statements": 18, "percent_covered": 100.0, "percent_covered_display": "100", "missing_lines": 0, "excluded_lines": 0, "percent_statements_covered": 100.0, "percent_statements_covered_display": "100"}, "missing_lines": [], "excluded_lines": [], "start_line": 1}}, "classes": {"": {"executed_lines": [1, 2, 3, 4, 5, 6, 7, 8, 9, 11, 13, 14, 15, 16, 17, 18, 20, 21, 22, 24, 26, 30, 32, 35, 36, 38, 40, 41, 44, 48, 50, 51, 52, 54, 56, 57, 58, 59, 62, 66, 68, 70, 71, 72, 75, 79, 81, 84, 86, 89, 94], "summary": {"covered_lines": 51, "num_statements": 66, "percent_covered": 77.27272727272727, "percent_covered_display": "77", "missing_lines": 15, "excluded_lines": 0, "percent_statements_covered": 77.27272727272727, "percent_statements_covered_display": "77"}, "missing_lines": [45, 46, 91, 92, 96, 101, 107, 108, 110, 111, 112, 113, 114, 115, 116], "excluded_lines": [], "start_line": 1}}}, "tests\\locators.py": {"executed_lines": [1, 3, 5, 6, 8, 9, 10, 12, 13, 14, 16, 17, 18, 20, 22, 23, 24, 26, 27, 29, 30, 31, 33, 35, 37, 38], "summary": {"covered_lines": 26, "num_statements": 26, "percent_covered": 100.0, "percent_covered_display": "100", "missing_lines": 0, "excluded_lines": 0, "percent_statements_covered": 100.0, "percent_statements_covered_display": "100"}, "missing_lines": [], "excluded_lines": [], "functions": {"": {"executed_lines": [1, 3, 5, 6, 8, 9, 10, 12, 13, 14, 16, 17, 18, 20, 22, 23, 24, 26, 27, 29, 30, 31, 33, 35, 37, 38], "summary": {"covered_lines": 26, "num_statements": 26, "percent_covered": 100.0, "percent_covered_display": "100", "missing_lines": 0, "excluded_lines": 0, "percent_statements_covered": 100.0, "percent_statements_covered_display": "100"}, "missing_lines": [], "excluded_lines": [], "start_line": 1}}, "classes": {"MainPageLocators": {"executed_lines": [], "summary": {"covered_lines": 0, "num_statements": 0, "percent_covered": 100.0, "percent_covered_display": "100", "missing_lines": 0, "excluded_lines": 0, "percent_statements_covered": 100.0, "percent_statements_covered_display": "100"}, "missing_lines": [], "excluded_lines": [], "start_line": 3}, "AuthPageLocators": {"executed_lines": [], "summary": {"covered_lines": 0, "num_statements": 0, "percent_covered": 100.0, "percent_covered_display": "100", "missing_lines": 0, "excluded_lines": 0, "percent_statements_covered": 100.0, "percent_statements_covered_display": "100"}, "missing_lines": [], "excluded_lines": [], "start_line": 20}, "AccountPageLocators": {"executed_lines": [], "summary": {"covered_lines": 0, "num_statements": 0, "percent_covered": 100.0, "percent_covered_display": "100", "missing_lines": 0, "excluded_lines": 0, "percent_statements_covered": 100.0, "percent_statements_covered_display": "100"}, "missing_lines": [], "excluded_lines": [], "start_line": 35}, "": {"executed_lines": [1, 3, 5, 6, 8, 9, 10, 12, 13, 14, 16, 17, 18, 20, 22, 23, 24, 26, 27, 29, 30, 31, 33, 35, 37, 38], "summary": {"covered_lines": 26, "num_statements": 26, "percent_covered": 100.0, "percent_covered_display": "100", "missing_lines": 0, "excluded_lines": 0, "percent_statements_covered": 100.0, "percent_statements_covered_display": "100"}, "missing_lines": [], "excluded_lines": [], "start_line": 1}}}, "tests\\test_account.py": {"executed_lines": [1, 2, 3, 4, 6, 8, 9, 10, 11, 14, 15, 18, 21, 24, 25, 31, 32, 34, 36, 37, 38, 39, 42, 43, 46, 47, 52, 55, 58, 59, 65, 66, 68, 70, 71, 72, 73, 76, 77, 80, 81, 86, 89, 92, 93, 99, 100, 102, 104, 105, 106, 107, 110, 111, 114, 117, 122, 125, 126, 132, 133, 136], "summary": {"covered_lines": 62, "num_statements": 81, "percent_covered": 76.54320987654322, "percent_covered_display": "77", "missing_lines": 19, "excluded_lines": 0, "percent_statements_covered": 76.54320987654322, "percent_statements_covered_display": "77"}, "missing_lines": [27, 28, 29, 61, 62, 63, 95, 96, 97, 128, 129, 130, 137, 138, 139, 140, 141, 142, 143], "excluded_lines": [], "functions": {"test_go_to_personal_account": {"executed_lines": [8, 9, 10, 11, 14, 15, 18, 21, 24, 25, 31, 32], "summary": {"covered_lines": 12, "num_statements": 15, "percent_covered": 80.0, "percent_covered_display": "80", "missing_lines": 3, "excluded_lines": 0, "percent_statements_covered": 80.0, "percent_statements_covered_display": "80"}, "missing_lines": [27, 28, 29], "excluded_lines": [], "start_line": 6}, "test_go_from_account_to_constructor": {"executed_lines": [36, 37, 38, 39, 42, 43, 46, 47, 52, 55, 58, 59, 65, 66], "summary": {"covered_lines": 14, "num_statements": 17, "percent_covered": 82.3529411764706, "percent_covered_display": "82", "missing_lines": 3, "excluded_lines": 0, "percent_statements_covered": 82.3529411764706, "percent_statements_covered_display": "82"}, "missing_lines": [61, 62, 63], "excluded_lines": [], "start_line": 34}, "test_go_from_account_to_main_via_logo": {"executed_lines": [70, 71, 72, 73, 76, 77, 80, 81, 86, 89, 92, 93, 99, 100], "summary": {"covered_lines": 14, "num_statements": 17, "percent_covered": 82.3529411764706, "percent_covered_display": "82", "missing_lines": 3, "excluded_lines": 0, "percent_statements_covered": 82.3529411764706, "percent_statements_covered_display": "82"}, "missing_lines": [95, 96, 97], "excluded_lines": [], "start_line": 68}, "test_logout_from_account": {"executed_lines": [104, 105, 106, 107, 110, 111, 114, 117, 122, 125, 126, 132, 133], "summary": {"covered_lines": 13, "num_statements": 16, "percent_covered": 81.25, "percent_covered_display": "81", "missing_lines": 3, "excluded_lines": 0, "percent_statements_covered": 81.25, "percent_statements_covered_display": "81"}, "missing_lines": [128, 129, 130], "excluded_lines": [], "start_line": 102}, "": {"executed_lines": [1, 2, 3, 4, 6, 34, 68, 102, 136], "summary": {"covered_lines": 9, "num_statements": 16, "percent_covered": 56.25, "percent_covered_display": "56", "missing_lines": 7, "excluded_lines": 0, "percent_statements_covered": 56.25, "percent_statements_covered_display": "56"}, "missing_lines": [137, 138, 139, 140, 141, 142, 143], "excluded_lines": [], "start_line": 1}}, "classes": {"": {"executed_lines": [1, 2, 3, 4, 6, 8, 9, 10, 11, 14, 15, 18, 21, 24, 25, 31, 32, 34, 36, 37, 38, 39, 42, 43, 46, 47, 52, 55, 58, 59, 65, 66, 68, 70, 71, 72, 73, 76, 77, 80, 81, 86, 89, 92, 93, 99, 100, 102, 104, 105, 106, 107, 110, 111, 114, 117, 122, 125, 126, 132, 133, 136], "summary": {"covered_lines": 62, "num_statements": 81, "percent_covered": 76.54320987654322, "percent_covered_display": "77", "missing_lines": 19, "excluded_lines": 0, "percent_statements_covered": 76.54320987654322, "percent_statements_covered_display": "77"}, "missing_lines": [27, 28, 29, 61, 62, 63, 95, 96, 97, 128, 129, 130, 137, 138, 139, 140, 141, 142, 143], "excluded_lines": [], "start_line": 1}}}, "tests\\test_constructor.py": {"executed_lines": [1, 2, 3, 4, 5, 6, 7, 9, 11, 12, 14, 16, 18, 21, 26, 29, 30, 31, 33, 35, 37, 39, 40, 41, 42, 43, 46, 49, 50, 53, 56, 57, 60, 61, 72, 73, 75, 77, 78, 79, 80, 81, 84, 87, 88, 91, 94, 95, 98, 99, 110, 111, 113, 115, 116, 117, 118, 119, 122, 125, 126, 129, 132, 133, 136, 137, 148, 149, 151, 153, 154, 155, 156, 157, 160, 162, 168, 170, 171, 174, 177, 178, 179, 180, 184, 190, 191, 193, 195, 196, 197, 198, 199, 202, 205, 210, 211, 214, 215, 216, 218, 221, 222, 223, 229, 230, 233, 243], "summary": {"covered_lines": 108, "num_statements": 151, "percent_covered": 71.52317880794702, "percent_covered_display": "72", "missing_lines": 43, "excluded_lines": 0, "percent_statements_covered": 71.52317880794702, "percent_statements_covered_display": "72"}, "missing_lines": [62, 64, 65, 66, 68, 69, 70, 100, 102, 103, 104, 106, 107, 108, 138, 140, 141, 142, 144, 145, 146, 181, 182, 186, 187, 188, 225, 226, 227, 235, 236, 237, 238, 239, 240, 244, 245, 246, 247, 248, 249, 250, 251], "excluded_lines": [], "functions": {"scroll_to_element": {"executed_lines": [11, 12], "summary": {"covered_lines": 2, "num_statements": 2, "percent_covered": 100.0, "percent_covered_display": "100", "missing_lines": 0, "excluded_lines": 0, "percent_statements_covered": 100.0, "percent_statements_covered_display": "100"}, "missing_lines": [], "excluded_lines": [], "start_line": 9}, "click_with_js": {"executed_lines": [16], "summary": {"covered_lines": 1, "num_statements": 1, "percent_covered": 100.0, "percent_covered_display": "100", "missing_lines": 0, "excluded_lines": 0, "percent_statements_covered": 100.0, "percent_statements_covered_display": "100"}, "missing_lines": [], "excluded_lines": [], "start_line": 14}, "wait_and_click_safe": {"executed_lines": [21, 26, 29, 30, 31, 33, 35], "summary": {"covered_lines": 7, "num_statements": 7, "percent_covered": 100.0, "percent_covered_display": "100", "missing_lines": 0, "excluded_lines": 0, "percent_statements_covered": 100.0, "percent_statements_covered_display": "100"}, "missing_lines": [], "excluded_lines": [], "start_line": 18}, "test_switch_to_buns_section": {"executed_lines": [39, 40, 41, 42, 43, 46, 49, 50, 53, 56, 57, 60, 61, 72, 73], "summary": {"covered_lines": 15, "num_statements": 22, "percent_covered": 68.18181818181819, "percent_covered_display": "68", "missing_lines": 7, "excluded_lines": 0, "percent_statements_covered": 68.18181818181819, "percent_statements_covered_display": "68"}, "missing_lines": [62, 64, 65, 66, 68, 69, 70], "excluded_lines": [], "start_line": 37}, "test_switch_to_sauces_section": {"executed_lines": [77, 78, 79, 80, 81, 84, 87, 88, 91, 94, 95, 98, 99, 110, 111], "summary": {"covered_lines": 15, "num_statements": 22, "percent_covered": 68.18181818181819, "percent_covered_display": "68", "missing_lines": 7, "excluded_lines": 0, "percent_statements_covered": 68.18181818181819, "percent_statements_covered_display": "68"}, "missing_lines": [100, 102, 103, 104, 106, 107, 108], "excluded_lines": [], "start_line": 75}, "test_switch_to_fillings_section": {"executed_lines": [115, 116, 117, 118, 119, 122, 125, 126, 129, 132, 133, 136, 137, 148, 149], "summary": {"covered_lines": 15, "num_statements": 22, "percent_covered": 68.18181818181819, "percent_covered_display": "68", "missing_lines": 7, "excluded_lines": 0, "percent_statements_covered": 68.18181818181819, "percent_statements_covered_display": "68"}, "missing_lines": [138, 140, 141, 142, 144, 145, 146], "excluded_lines": [], "start_line": 113}, "test_all_sections_are_clickable": {"executed_lines": [153, 154, 155, 156, 157, 160, 162, 168, 170, 171, 174, 177, 178, 179, 180, 184, 190, 191], "summary": {"covered_lines": 18, "num_statements": 23, "percent_covered": 78.26086956521739, "percent_covered_display": "78", "missing_lines": 5, "excluded_lines": 0, "percent_statements_covered": 78.26086956521739, "percent_statements_covered_display": "78"}, "missing_lines": [181, 182, 186, 187, 188], "excluded_lines": [], "start_line": 151}, "test_switch_to_buns_section_with_scroll": {"executed_lines": [195, 196, 197, 198, 199, 202, 205, 210, 211, 214, 215, 216, 218, 221, 222, 223, 229, 230], "summary": {"covered_lines": 18, "num_statements": 21, "percent_covered": 85.71428571428571, "percent_covered_display": "86", "missing_lines": 3, "excluded_lines": 0, "percent_statements_covered": 85.71428571428571, "percent_statements_covered_display": "86"}, "missing_lines": [225, 226, 227], "excluded_lines": [], "start_line": 193}, "get_active_section_text": {"executed_lines": [], "summary": {"covered_lines": 0, "num_statements": 6, "percent_covered": 0.0, "percent_covered_display": "0", "missing_lines": 6, "excluded_lines": 0, "percent_statements_covered": 0.0, "percent_statements_covered_display": "0"}, "missing_lines": [235, 236, 237, 238, 239, 240], "excluded_lines": [], "start_line": 233}, "": {"executed_lines": [1, 2, 3, 4, 5, 6, 7, 9, 14, 18, 37, 75, 113, 151, 193, 233, 243], "summary": {"covered_lines": 17, "num_statements": 25, "percent_covered": 68.0, "percent_covered_display": "68", "missing_lines": 8, "excluded_lines": 0, "percent_statements_covered": 68.0, "percent_statements_covered_display": "68"}, "missing_lines": [244, 245, 246, 247, 248, 249, 250, 251], "excluded_lines": [], "start_line": 1}}, "classes": {"": {"executed_lines": [1, 2, 3, 4, 5, 6, 7, 9, 11, 12, 14, 16, 18, 21, 26, 29, 30, 31, 33, 35, 37, 39, 40, 41, 42, 43, 46, 49, 50, 53, 56, 57, 60, 61, 72, 73, 75, 77, 78, 79, 80, 81, 84, 87, 88, 91, 94, 95, 98, 99, 110, 111, 113, 115, 116, 117, 118, 119, 122, 125, 126, 129, 132, 133, 136, 137, 148, 149, 151, 153, 154, 155, 156, 157, 160, 162, 168, 170, 171, 174, 177, 178, 179, 180, 184, 190, 191, 193, 195, 196, 197, 198, 199, 202, 205, 210, 211, 214, 215, 216, 218, 221, 222, 223, 229, 230, 233, 243], "summary": {"covered_lines": 108, "num_statements": 151, "percent_covered": 71.52317880794702, "percent_covered_display": "72", "missing_lines": 43, "excluded_lines": 0, "percent_statements_covered": 71.52317880794702, "percent_statements_covered_display": "72"}, "missing_lines": [62, 64, 65, 66, 68, 69, 70, 100, 102, 103, 104, 106, 107, 108, 138, 140, 141, 142, 144, 145, 146, 181, 182, 186, 187, 188, 225, 226, 227, 235, 236, 237, 238, 239, 240, 244, 245, 246, 247, 248, 249, 250, 251], "excluded_lines": [], "start_line": 1}}}, "tests\\test_login.py": {"executed_lines": [1, 2, 3, 4, 6, 8, 9, 10, 11, 14, 15, 17, 20, 23, 26, 27, 33, 34, 36, 38, 39, 40, 41, 44, 45, 47, 50, 53, 56, 57, 63, 64, 66, 68, 69, 70, 71, 74, 75, 77, 80, 83, 86, 87, 93, 94, 96, 98, 99, 100, 101, 104, 105, 107, 110, 113, 116, 117, 123, 124, 127], "summary": {"covered_lines": 61, "num_statements": 80, "percent_covered": 76.25, "percent_covered_display": "76", "missing_lines": 19, "excluded_lines": 0, "percent_statements_covered": 76.25, "percent_statements_covered_display": "76"}, "missing_lines": [29, 30, 31, 59, 60, 61, 89, 90, 91, 119, 120, 121, 128, 129, 130, 131, 132, 133, 134], "excluded_lines": [], "functions": {"test_login_via_main_button": {"executed_lines": [8, 9, 10, 11, 14, 15, 17, 20, 23, 26, 27, 33, 34], "summary": {"covered_lines": 13, "num_statements": 16, "percent_covered": 81.25, "percent_covered_display": "81", "missing_lines": 3, "excluded_lines": 0, "percent_statements_covered": 81.25, "percent_statements_covered_display": "81"}, "missing_lines": [29, 30, 31], "excluded_lines": [], "start_line": 6}, "test_login_via_personal_account_button": {"executed_lines": [38, 39, 40, 41, 44, 45, 47, 50, 53, 56, 57, 63, 64], "summary": {"covered_lines": 13, "num_statements": 16, "percent_covered": 81.25, "percent_covered_display": "81", "missing_lines": 3, "excluded_lines": 0, "percent_statements_covered": 81.25, "percent_statements_covered_display": "81"}, "missing_lines": [59, 60, 61], "excluded_lines": [], "start_line": 36}, "test_login_via_register_form": {"executed_lines": [68, 69, 70, 71, 74, 75, 77, 80, 83, 86, 87, 93, 94], "summary": {"covered_lines": 13, "num_statements": 16, "percent_covered": 81.25, "percent_covered_display": "81", "missing_lines": 3, "excluded_lines": 0, "percent_statements_covered": 81.25, "percent_statements_covered_display": "81"}, "missing_lines": [89, 90, 91], "excluded_lines": [], "start_line": 66}, "test_login_via_password_recovery_form": {"executed_lines": [98, 99, 100, 101, 104, 105, 107, 110, 113, 116, 117, 123, 124], "summary": {"covered_lines": 13, "num_statements": 16, "percent_covered": 81.25, "percent_covered_display": "81", "missing_lines": 3, "excluded_lines": 0, "percent_statements_covered": 81.25, "percent_statements_covered_display": "81"}, "missing_lines": [119, 120, 121], "excluded_lines": [], "start_line": 96}, "": {"executed_lines": [1, 2, 3, 4, 6, 36, 66, 96, 127], "summary": {"covered_lines": 9, "num_statements": 16, "percent_covered": 56.25, "percent_covered_display": "56", "missing_lines": 7, "excluded_lines": 0, "percent_statements_covered": 56.25, "percent_statements_covered_display": "56"}, "missing_lines": [128, 129, 130, 131, 132, 133, 134], "excluded_lines": [], "start_line": 1}}, "classes": {"": {"executed_lines": [1, 2, 3, 4, 6, 8, 9, 10, 11, 14, 15, 17, 20, 23, 26, 27, 33, 34, 36, 38, 39, 40, 41, 44, 45, 47, 50, 53, 56, 57, 63, 64, 66, 68, 69, 70, 71, 74, 75, 77, 80, 83, 86, 87, 93, 94, 96, 98, 99, 100, 101, 104, 105, 107, 110, 113, 116, 117, 123, 124, 127], "summary": {"covered_lines": 61, "num_statements": 80, "percent_covered": 76.25, "percent_covered_display": "76", "missing_lines": 19, "excluded_lines": 0, "percent_statements_covered": 76.25, "percent_statements_covered_display": "76"}, "missing_lines": [29, 30, 31, 59, 60, 61, 89, 90, 91, 119, 120, 121, 128, 129, 130, 131, 132, 133, 134], "excluded_lines": [], "start_line": 1}}}, "tests\\test_registration.py": {"executed_lines": [1, 2, 3, 4, 5, 7, 9, 10, 11, 12, 14, 15, 16, 18, 19, 22, 23, 24, 25, 28, 33, 34, 40, 41, 43, 45, 46, 47, 48, 50, 51, 52, 54, 55, 57, 58, 59, 60, 63, 64, 65, 68, 69, 75, 76, 78, 80, 81, 82, 83, 85, 86, 88, 89, 91, 92, 93, 94, 97, 98, 104, 105, 107, 109, 110, 111, 112, 114, 115, 116, 118, 119, 121, 122, 123, 124, 127, 128, 134, 135, 138], "summary": {"covered_lines": 81, "num_statements": 100, "percent_covered": 81.0, "percent_covered_display": "81", "missing_lines": 19, "excluded_lines": 0, "percent_statements_covered": 81.0, "percent_statements_covered_display": "81"}, "missing_lines": [36, 37, 38, 71, 72, 73, 100, 101, 102, 130, 131, 132, 139, 140, 141, 142, 143, 144, 145], "excluded_lines": [], "functions": {"test_successful_registration": {"executed_lines": [9, 10, 11, 12, 14, 15, 16, 18, 19, 22, 23, 24, 25, 28, 33, 34, 40, 41], "summary": {"covered_lines": 18, "num_statements": 21, "percent_covered": 85.71428571428571, "percent_covered_display": "86", "missing_lines": 3, "excluded_lines": 0, "percent_statements_covered": 85.71428571428571, "percent_statements_covered_display": "86"}, "missing_lines": [36, 37, 38], "excluded_lines": [], "start_line": 7}, "test_registration_with_invalid_password": {"executed_lines": [45, 46, 47, 48, 50, 51, 52, 54, 55, 57, 58, 59, 60, 63, 64, 65, 68, 69, 75, 76], "summary": {"covered_lines": 20, "num_statements": 23, "percent_covered": 86.95652173913044, "percent_covered_display": "87", "missing_lines": 3, "excluded_lines": 0, "percent_statements_covered": 86.95652173913044, "percent_statements_covered_display": "87"}, "missing_lines": [71, 72, 73], "excluded_lines": [], "start_line": 43}, "test_registration_with_empty_name": {"executed_lines": [80, 81, 82, 83, 85, 86, 88, 89, 91, 92, 93, 94, 97, 98, 104, 105], "summary": {"covered_lines": 16, "num_statements": 19, "percent_covered": 84.21052631578948, "percent_covered_display": "84", "missing_lines": 3, "excluded_lines": 0, "percent_statements_covered": 84.21052631578948, "percent_statements_covered_display": "84"}, "missing_lines": [100, 101, 102], "excluded_lines": [], "start_line": 78}, "test_registration_with_invalid_email": {"executed_lines": [109, 110, 111, 112, 114, 115, 116, 118, 119, 121, 122, 123, 124, 127, 128, 134, 135], "summary": {"covered_lines": 17, "num_statements": 20, "percent_covered": 85.0, "percent_covered_display": "85", "missing_lines": 3, "excluded_lines": 0, "percent_statements_covered": 85.0, "percent_statements_covered_display": "85"}, "missing_lines": [130, 131, 132], "excluded_lines": [], "start_line": 107}, "": {"executed_lines": [1, 2, 3, 4, 5, 7, 43, 78, 107, 138], "summary": {"covered_lines": 10, "num_statements": 17, "percent_covered": 58.8235294117647, "percent_covered_display": "59", "missing_lines": 7, "excluded_lines": 0, "percent_statements_covered": 58.8235294117647, "percent_statements_covered_display": "59"}, "missing_lines": [139, 140, 141, 142, 143, 144, 145], "excluded_lines": [], "start_line": 1}}, "classes": {"": {"executed_lines": [1, 2, 3, 4, 5, 7, 9, 10, 11, 12, 14, 15, 16, 18, 19, 22, 23, 24, 25, 28, 33, 34, 40, 41, 43, 45, 46, 47, 48, 50, 51, 52, 54, 55, 57, 58, 59, 60, 63, 64, 65, 68, 69, 75, 76, 78, 80, 81, 82, 83, 85, 86, 88, 89, 91, 92, 93, 94, 97, 98, 104, 105, 107, 109, 110, 111, 112, 114, 115, 116, 118, 119, 121, 122, 123, 124, 127, 128, 134, 135, 138], "summary": {"covered_lines": 81, "num_statements": 100, "percent_covered": 81.0, "percent_covered_display": "81", "missing_lines": 19, "excluded_lines": 0, "percent_statements_covered": 81.0, "percent_statements_covered_display": "81"}, "missing_lines": [36, 37, 38, 71, 72, 73, 100, 101, 102, 130, 131, 132, 139, 140, 141, 142, 143, 144, 145], "excluded_lines": [], "start_line": 1}}}}, "totals": {"covered_lines": 408, "num_statements": 523, "percent_covered": 78.01147227533461, "percent_covered_display": "78", "missing_lines": 115, "excluded_lines": 0, "percent_statements_covered": 78.01147227533461, "percent_statements_covered_display": "78"}}